Determining if the pthread_create exist failed with the following output:
Change Dir: /home/master/D2RSR/ROS-driving_control_system/catkin_ws/build/CMakeFiles/CMakeTmp

Run Build Command:"/usr/bin/make" "cmTC_14a61/fast"
/usr/bin/make -f CMakeFiles/cmTC_14a61.dir/build.make CMakeFiles/cmTC_14a61.dir/build
make[1]: Entering directory '/home/master/D2RSR/ROS-driving_control_system/catkin_ws/build/CMakeFiles/CMakeTmp'
Building C object CMakeFiles/cmTC_14a61.dir/CheckSymbolExists.c.o
/usr/bin/cc    -o CMakeFiles/cmTC_14a61.dir/CheckSymbolExists.c.o   -c /home/master/D2RSR/ROS-driving_control_system/catkin_ws/build/CMakeFiles/CMakeTmp/CheckSymbolExists.c
Linking C executable cmTC_14a61
/usr/bin/cmake -E cmake_link_script CMakeFiles/cmTC_14a61.dir/link.txt --verbose=1
/usr/bin/cc      -rdynamic CMakeFiles/cmTC_14a61.dir/CheckSymbolExists.c.o  -o cmTC_14a61 
CMakeFiles/cmTC_14a61.dir/CheckSymbolExists.c.o: In function `main':
CheckSymbolExists.c:(.text+0x1b): undefined reference to `pthread_create'
collect2: error: ld returned 1 exit status
CMakeFiles/cmTC_14a61.dir/build.make:97: recipe for target 'cmTC_14a61' failed
make[1]: *** [cmTC_14a61] Error 1
make[1]: Leaving directory '/home/master/D2RSR/ROS-driving_control_system/catkin_ws/build/CMakeFiles/CMakeTmp'
Makefile:126: recipe for target 'cmTC_14a61/fast' failed
make: *** [cmTC_14a61/fast] Error 2

File /home/master/D2RSR/ROS-driving_control_system/catkin_ws/build/CMakeFiles/CMakeTmp/CheckSymbolExists.c:
/* */
#include <pthread.h>

int main(int argc, char** argv)
{
  (void)argv;
#ifndef pthread_create
  return ((int*)(&pthread_create))[argc];
#else
  (void)argc;
  return 0;
#endif
}

Determining if the function pthread_create exists in the pthreads failed with the following output:
Change Dir: /home/master/D2RSR/ROS-driving_control_system/catkin_ws/build/CMakeFiles/CMakeTmp

Run Build Command:"/usr/bin/make" "cmTC_e5eaa/fast"
/usr/bin/make -f CMakeFiles/cmTC_e5eaa.dir/build.make CMakeFiles/cmTC_e5eaa.dir/build
make[1]: Entering directory '/home/master/D2RSR/ROS-driving_control_system/catkin_ws/build/CMakeFiles/CMakeTmp'
Building C object CMakeFiles/cmTC_e5eaa.dir/CheckFunctionExists.c.o
/usr/bin/cc   -DCHECK_FUNCTION_EXISTS=pthread_create   -o CMakeFiles/cmTC_e5eaa.dir/CheckFunctionExists.c.o   -c /usr/share/cmake-3.10/Modules/CheckFunctionExists.c
Linking C executable cmTC_e5eaa
/usr/bin/cmake -E cmake_link_script CMakeFiles/cmTC_e5eaa.dir/link.txt --verbose=1
/usr/bin/cc  -DCHECK_FUNCTION_EXISTS=pthread_create    -rdynamic CMakeFiles/cmTC_e5eaa.dir/CheckFunctionExists.c.o  -o cmTC_e5eaa -lpthreads 
/usr/bin/ld: cannot find -lpthreads
collect2: error: ld returned 1 exit status
CMakeFiles/cmTC_e5eaa.dir/build.make:97: recipe for target 'cmTC_e5eaa' failed
make[1]: *** [cmTC_e5eaa] Error 1
make[1]: Leaving directory '/home/master/D2RSR/ROS-driving_control_system/catkin_ws/build/CMakeFiles/CMakeTmp'
Makefile:126: recipe for target 'cmTC_e5eaa/fast' failed
make: *** [cmTC_e5eaa/fast] Error 2


